<?xml version="1.0" encoding="UTF-8"?>
<!-- Generated by org.testng.reporters.JUnitReportReporter -->
<testsuite hostname="Tintu" failures="0" tests="4" name="api.test.UserTests" time="10.653" errors="0" timestamp="2023-09-18T16:32:40 IST" skipped="0">
  <testcase classname="api.test.UserTests" name="testCreateUser" time="5.734"/>
  <system-out/>
  <testcase classname="api.test.UserTests" name="testReadUser" time="1.228"/>
  <system-out/>
  <testcase classname="api.test.UserTests" name="testupdateUser" time="2.436"/>
  <system-out/>
  <testcase classname="api.test.UserTests" name="testdeleteUser" time="1.255"/>
  <system-out/>
</testsuite> <!-- api.test.UserTests -->
