<?xml version="1.0" encoding="UTF-8"?>
<!-- Generated by org.testng.reporters.JUnitReportReporter -->
<testsuite hostname="Tintu" failures="0" tests="4" name="api.test.UserTests" time="10.126" errors="0" timestamp="2023-09-18T16:47:03 IST" skipped="0">
  <testcase classname="api.test.UserTests" name="testCreateUser" time="5.352"/>
  <testcase classname="api.test.UserTests" name="testReadUser" time="1.245"/>
  <testcase classname="api.test.UserTests" name="testupdateUser" time="2.384"/>
  <testcase classname="api.test.UserTests" name="testdeleteUser" time="1.145"/>
</testsuite> <!-- api.test.UserTests -->
